#
# A fatal error has been detected by the Java Runtime Environment:
#
#  EXCEPTION_ACCESS_VIOLATION (0xc0000005) at pc=0x0000000063fb8f19, pid=81092, tid=81184
#
# JRE version: 7.0_07-b11
# Java VM: Java HotSpot(TM) 64-Bit Server VM (23.3-b01 mixed mode windows-amd64 compressed oops)
# Problematic frame:
# V  [jvm.dll+0x38f19]
#
# Failed to write core dump. Minidumps are not enabled by default on client versions of Windows
#
# If you would like to submit a bug report, please visit:
#   http://bugreport.sun.com/bugreport/crash.jsp
#

---------------  T H R E A D  ---------------

Current thread (0x000000000be34800):  JavaThread "JDWP Transport Listener: dt_socket" daemon [_thread_in_vm, id=81184, stack(0x000000000e3c0000,0x000000000e4c0000)]

siginfo: ExceptionCode=0xc0000005, reading address 0x000000000000000c

Registers:
RAX=0x000000000000000c, RBX=0x000000000be34800, RCX=0x0000000000000003, RDX=0x0000000000000000
RSP=0x000000000e4bf980, RBP=0x000000000000000c, RSI=0x0000000000000000, RDI=0x0000000000000010
R8 =0x00000007d5723ab8, R9 =0x0000000000000000, R10=0x0000000000000000, R11=0x0000000000000001
R12=0x0000000000000000, R13=0x0000000000000000, R14=0x0000000000000000, R15=0x0000000000000000
RIP=0x0000000063fb8f19, EFLAGS=0x0000000000010246

Top of Stack: (sp=0x000000000e4bf980)
0x000000000e4bf980:   000000000be34800 0000000000000000
0x000000000e4bf990:   0000000000000000 000000000be34800
0x000000000e4bf9a0:   0000000000000000 00000000640776b4
0x000000000e4bf9b0:   00000007d5723ab8 000000000e4bfad0
0x000000000e4bf9c0:   000000000be27c28 000000000e4bfaa0
0x000000000e4bf9d0:   000000000be34800 0000000000000000
0x000000000e4bf9e0:   000000000be27c28 000000000e4bfad0
0x000000000e4bf9f0:   0000000000000000 0000000000000000
0x000000000e4bfa00:   000000000be349d8 0000000061b07d15
0x000000000e4bfa10:   000000000e4bfaa0 000000000e4bfad0
0x000000000e4bfa20:   000000000be27c28 000000000be349d8
0x000000000e4bfa30:   000000000e9e660a 0000000061b0f09c
0x000000000e4bfa40:   0000000064010a01 000000000e4bfb40
0x000000000e4bfa50:   000000000be1ae01 000000000e9e690f
0x000000000e4bfa60:   00000b2300000013 0000000064010a00
0x000000000e4bfa70:   000000000be47610 0000000000000000 

Instructions: (pc=0x0000000063fb8f19)
0x0000000063fb8ef9:   d2 48 8b c5 eb 18 48 8b d0 48 8b c5 48 d3 e2 48
0x0000000063fb8f09:   03 15 01 16 62 00 eb 06 48 8b 12 48 8b c7 48 98
0x0000000063fb8f19:   8b 14 10 85 d2 74 2a 45 84 db 4c 63 c6 48 0f 45
0x0000000063fb8f29:   fd 8d 47 0b 48 63 c8 48 83 e1 f8 48 c1 e9 03 8d 


Register to memory mapping:

RAX=0x000000000000000c is an unknown value
RBX=0x000000000be34800 is a thread
RCX=0x0000000000000003 is an unknown value
RDX=0x0000000000000000 is an unknown value
RSP=0x000000000e4bf980 is pointing into the stack for thread: 0x000000000be34800
RBP=0x000000000000000c is an unknown value
RSI=0x0000000000000000 is an unknown value
RDI=0x0000000000000010 is an unknown value
R8 =0x00000007d5723ab8 is an oop
java.lang.String 
 - klass: 'java/lang/String'
R9 =0x0000000000000000 is an unknown value
R10=0x0000000000000000 is an unknown value
R11=0x0000000000000001 is an unknown value
R12=0x0000000000000000 is an unknown value
R13=0x0000000000000000 is an unknown value
R14=0x0000000000000000 is an unknown value
R15=0x0000000000000000 is an unknown value


Stack: [0x000000000e3c0000,0x000000000e4c0000],  sp=0x000000000e4bf980,  free space=1022k
Native frames: (J=compiled Java code, j=interpreted, Vv=VM code, C=native code)
V  [jvm.dll+0x38f19]


---------------  P R O C E S S  ---------------

Java Threads: ( => current thread )
  0x000000000be51800 JavaThread "Service Thread" daemon [_thread_blocked, id=81220, stack(0x000000000e8c0000,0x000000000e9c0000)]
  0x000000000be4d000 JavaThread "C2 CompilerThread1" daemon [_thread_blocked, id=81216, stack(0x000000000e7c0000,0x000000000e8c0000)]
  0x000000000be4c000 JavaThread "C2 CompilerThread0" daemon [_thread_blocked, id=81212, stack(0x000000000e6c0000,0x000000000e7c0000)]
  0x000000000be3a000 JavaThread "JDWP Command Reader" daemon [_thread_in_native, id=81192, stack(0x000000000e5c0000,0x000000000e6c0000)]
  0x000000000be39000 JavaThread "JDWP Event Helper Thread" daemon [_thread_blocked, id=81188, stack(0x000000000e4c0000,0x000000000e5c0000)]
=>0x000000000be34800 JavaThread "JDWP Transport Listener: dt_socket" daemon [_thread_in_vm, id=81184, stack(0x000000000e3c0000,0x000000000e4c0000)]
  0x000000000be1f800 JavaThread "Attach Listener" daemon [_thread_blocked, id=81176, stack(0x000000000df10000,0x000000000e010000)]
  0x000000000be1a000 JavaThread "Signal Dispatcher" daemon [_thread_blocked, id=81172, stack(0x000000000de10000,0x000000000df10000)]
  0x000000000bdc1000 JavaThread "Finalizer" daemon [_thread_blocked, id=81168, stack(0x000000000dd10000,0x000000000de10000)]
  0x000000000bdb9800 JavaThread "Reference Handler" daemon [_thread_blocked, id=81164, stack(0x000000000dc10000,0x000000000dd10000)]
  0x00000000028b0800 JavaThread "main" [_thread_blocked, id=81124, stack(0x0000000002790000,0x0000000002890000)]

Other Threads:
  0x000000000bdaf000 VMThread [stack: 0x000000000db10000,0x000000000dc10000] [id=81160]
  0x000000000be49800 WatcherThread [stack: 0x000000000edc0000,0x000000000eec0000] [id=81224]

VM state:not at safepoint (normal execution)

VM Mutex/Monitor currently owned by a thread: None

Heap
 PSYoungGen      total 38144K, used 1308K [0x00000007d56b0000, 0x00000007d8140000, 0x0000000800000000)
  eden space 32704K, 4% used [0x00000007d56b0000,0x00000007d57f7128,0x00000007d76a0000)
  from space 5440K, 0% used [0x00000007d7bf0000,0x00000007d7bf0000,0x00000007d8140000)
  to   space 5440K, 0% used [0x00000007d76a0000,0x00000007d76a0000,0x00000007d7bf0000)
 ParOldGen       total 87232K, used 0K [0x0000000780400000, 0x0000000785930000, 0x00000007d56b0000)
  object space 87232K, 0% used [0x0000000780400000,0x0000000780400000,0x0000000785930000)
 PSPermGen       total 21248K, used 2734K [0x000000077b200000, 0x000000077c6c0000, 0x0000000780400000)
  object space 21248K, 12% used [0x000000077b200000,0x000000077b4aba18,0x000000077c6c0000)

Card table byte_map: [0x0000000005a70000,0x0000000005ea0000] byte_map_base: 0x0000000001e97000

Polling page: 0x0000000000fa0000

Code Cache  [0x00000000029b0000, 0x0000000002c20000, 0x00000000059b0000)
 total_blobs=160 nmethods=0 adapters=135 free_code_cache=48776Kb largest_free_block=49946432

Compilation events (0 events):
No events

GC Heap History (0 events):
No events

Deoptimization events (0 events):
No events

Internal exceptions (5 events):
Event: 0.017 Thread 0x00000000028b0800 Threw 0x00000007d56b61a8 at C:\jdk7u1_64p\jdk7u7\hotspot\src\share\vm\prims\jni.cpp:3994
Event: 0.137 Thread 0x00000000028b0800 Threw 0x00000007d5707568 at C:\jdk7u1_64p\jdk7u7\hotspot\src\share\vm\prims\jvm.cpp:1166
Event: 0.141 Thread 0x00000000028b0800 Threw 0x00000007d571a720 at C:\jdk7u1_64p\jdk7u7\hotspot\src\share\vm\prims\jvm.cpp:1166
Event: 0.142 Thread 0x00000000028b0800 Threw 0x00000007d5722170 at C:\jdk7u1_64p\jdk7u7\hotspot\src\share\vm\prims\jvm.cpp:1166
Event: 6.562 Thread 0x00000000028b0800 Threw 0x00000007d5722318 at C:\jdk7u1_64p\jdk7u7\hotspot\src\share\vm\classfile\systemDictionary.cpp:168

Events (10 events):
Event: 8.609 Executing VM operation: ChangeSingleStep
Event: 8.609 Executing VM operation: ChangeSingleStep done
Event: 8.609 Executing VM operation: EnterInterpOnlyMode
Event: 8.609 Executing VM operation: EnterInterpOnlyMode done
Event: 8.609 Executing VM operation: GetCurrentLocation
Event: 8.609 Executing VM operation: GetCurrentLocation done
Event: 8.609 Executing VM operation: ChangeSingleStep
Event: 8.609 Executing VM operation: ChangeSingleStep done
Event: 8.609 Executing VM operation: ChangeSingleStep
Event: 8.609 Executing VM operation: ChangeSingleStep done


Dynamic libraries:
0x00007ff7356e0000 - 0x00007ff735714000 	C:\Program Files\Java\jre7\bin\javaw.exe
0x00007ffbf6d10000 - 0x00007ffbf6eba000 	C:\WINDOWS\SYSTEM32\ntdll.dll
0x00007ffbf6520000 - 0x00007ffbf665a000 	C:\WINDOWS\system32\KERNEL32.DLL
0x00007ffbf4430000 - 0x00007ffbf453f000 	C:\WINDOWS\system32\KERNELBASE.dll
0x00007ffbf2b10000 - 0x00007ffbf2b98000 	C:\WINDOWS\system32\apphelp.dll
0x00007ffbde9c0000 - 0x00007ffbdea0f000 	C:\WINDOWS\AppPatch\AppPatch64\AcGenral.DLL
0x00007ffbf5b70000 - 0x00007ffbf5c17000 	C:\WINDOWS\system32\msvcrt.dll
0x00007ffbf4040000 - 0x00007ffbf406b000 	C:\WINDOWS\SYSTEM32\SspiCli.dll
0x00007ffbf68f0000 - 0x00007ffbf6941000 	C:\WINDOWS\system32\SHLWAPI.dll
0x00007ffbf6250000 - 0x00007ffbf63c1000 	C:\WINDOWS\system32\USER32.dll
0x00007ffbf6660000 - 0x00007ffbf67d8000 	C:\WINDOWS\system32\ole32.dll
0x00007ffbf4590000 - 0x00007ffbf59af000 	C:\WINDOWS\system32\SHELL32.dll
0x00007ffbf3710000 - 0x00007ffbf372e000 	C:\WINDOWS\SYSTEM32\USERENV.dll
0x00007ffbf67e0000 - 0x00007ffbf6885000 	C:\WINDOWS\system32\ADVAPI32.dll
0x00007ffbe8170000 - 0x00007ffbe818b000 	C:\WINDOWS\SYSTEM32\MPR.dll
0x00007ffbf5de0000 - 0x00007ffbf5f17000 	C:\WINDOWS\system32\RPCRT4.dll
0x00007ffbf5b10000 - 0x00007ffbf5b67000 	C:\WINDOWS\SYSTEM32\sechost.dll
0x00007ffbf6950000 - 0x00007ffbf6b26000 	C:\WINDOWS\SYSTEM32\combase.dll
0x00007ffbf60f0000 - 0x00007ffbf6234000 	C:\WINDOWS\system32\GDI32.dll
0x00007ffbf4080000 - 0x00007ffbf4094000 	C:\WINDOWS\SYSTEM32\profapi.dll
0x00007ffbf2a50000 - 0x00007ffbf2aef000 	C:\WINDOWS\SYSTEM32\SHCORE.dll
0x00007ffbf5da0000 - 0x00007ffbf5dd4000 	C:\WINDOWS\system32\IMM32.DLL
0x00007ffbf63e0000 - 0x00007ffbf6519000 	C:\WINDOWS\system32\MSCTF.dll
0x00007ffbf23a0000 - 0x00007ffbf25fa000 	C:\WINDOWS\WinSxS\amd64_microsoft.windows.common-controls_6595b64144ccf1df_6.0.9600.17031_none_6242a4b3ecbb55a1\COMCTL32.dll
0x00000000646a0000 - 0x0000000064771000 	C:\Program Files\Java\jre7\bin\msvcr100.dll
0x0000000063f80000 - 0x000000006469f000 	C:\Program Files\Java\jre7\bin\server\jvm.dll
0x00007ffbef3b0000 - 0x00007ffbef3b9000 	C:\WINDOWS\SYSTEM32\WSOCK32.dll
0x00007ffbf2ca0000 - 0x00007ffbf2cbf000 	C:\WINDOWS\SYSTEM32\WINMM.dll
0x00007ffbf6240000 - 0x00007ffbf6247000 	C:\WINDOWS\system32\PSAPI.DLL
0x00007ffbf5c20000 - 0x00007ffbf5c78000 	C:\WINDOWS\system32\WS2_32.dll
0x00007ffbf2a20000 - 0x00007ffbf2a4a000 	C:\WINDOWS\SYSTEM32\WINMMBASE.dll
0x00007ffbf5c80000 - 0x00007ffbf5c89000 	C:\WINDOWS\system32\NSI.dll
0x00007ffbf4540000 - 0x00007ffbf458a000 	C:\WINDOWS\SYSTEM32\cfgmgr32.dll
0x00007ffbf2f20000 - 0x00007ffbf2f46000 	C:\WINDOWS\SYSTEM32\DEVOBJ.dll
0x0000000063f70000 - 0x0000000063f7f000 	C:\Program Files\Java\jre7\bin\verify.dll
0x0000000063f40000 - 0x0000000063f68000 	C:\Program Files\Java\jre7\bin\java.dll
0x0000000061b00000 - 0x0000000061b35000 	C:\Program Files\Java\jre7\bin\jdwp.dll
0x0000000061af0000 - 0x0000000061af8000 	C:\Program Files\Java\jre7\bin\npt.dll
0x0000000063f20000 - 0x0000000063f35000 	C:\Program Files\Java\jre7\bin\zip.dll
0x0000000061ae0000 - 0x0000000061ae9000 	C:\Program Files\Java\jre7\bin\dt_socket.dll
0x00007ffbea500000 - 0x00007ffbea514000 	C:\WINDOWS\system32\napinsp.dll
0x00007ffbea520000 - 0x00007ffbea539000 	C:\WINDOWS\system32\pnrpnsp.dll
0x00007ffbf1a80000 - 0x00007ffbf1a99000 	C:\WINDOWS\system32\NLAapi.dll
0x00007ffbf39b0000 - 0x00007ffbf3a08000 	C:\WINDOWS\System32\mswsock.dll
0x00007ffbf37c0000 - 0x00007ffbf3863000 	C:\WINDOWS\SYSTEM32\DNSAPI.dll
0x00007ffbea900000 - 0x00007ffbea90c000 	C:\WINDOWS\System32\winrnr.dll
0x00000000648a0000 - 0x00000000648c6000 	C:\Program Files\Bonjour\mdnsNSP.dll
0x00007ffbf0820000 - 0x00007ffbf0849000 	C:\WINDOWS\SYSTEM32\Iphlpapi.DLL
0x00007ffbf0810000 - 0x00007ffbf081a000 	C:\WINDOWS\SYSTEM32\WINNSI.DLL
0x00007ffbeee10000 - 0x00007ffbeee78000 	C:\WINDOWS\System32\fwpuclnt.dll
0x00007ffbeb9c0000 - 0x00007ffbeb9c9000 	C:\Windows\System32\rasadhlp.dll
0x00007ffbf1370000 - 0x00007ffbf14f8000 	C:\WINDOWS\SYSTEM32\dbghelp.dll

VM Arguments:
jvm_args: -agentlib:jdwp=transport=dt_socket,suspend=y,address=localhost:62044 -Dfile.encoding=Cp1252 
java_command: com.badlogic.gdx.physics.bullet.BulletBuild
Launcher Type: SUN_STANDARD

Environment Variables:
JAVA_HOME=C:\Program Files\Java\jdk1.7.0_07
PATH=C:\Program Files (x86)\NVIDIA Corporation\PhysX\Common;C:\Program Files (x86)\Intel\iCLS Client\;C:\Program Files\Intel\iCLS Client\;C:\Windows\system32;C:\Windows;C:\Windows\System32\Wbem;C:\Windows\System32\WindowsPowerShell\v1.0\;C:\Program Files (x86)\Windows Kits\8.0\Windows Performance Toolkit\;C:\Program Files\Microsoft SQL Server\110\Tools\Binn\;C:\Program Files\Intel\Intel(R) Management Engine Components\DAL;C:\Program Files\Intel\Intel(R) Management Engine Components\IPT;C:\Program Files (x86)\Intel\Intel(R) Management Engine Components\DAL;C:\Program Files (x86)\Intel\Intel(R) Management Engine Components\IPT;C:\Program Files (x86)\MiKTeX 2.9\miktex\bin\;C:\WINDOWS\system32;C:\WINDOWS;C:\WINDOWS\System32\Wbem;C:\WINDOWS\System32\WindowsPowerShell\v1.0\;C:\Program Files (x86)\CMake 2.8\bin;C:\Program Files (x86)\WinAnt\bin
USERNAME=John
OS=Windows_NT
PROCESSOR_IDENTIFIER=Intel64 Family 6 Model 42 Stepping 7, GenuineIntel



---------------  S Y S T E M  ---------------

OS: Windows 8 , 64 bit Build 9200 

CPU:total 8 (4 cores per cpu, 2 threads per core) family 6 model 42 stepping 7, cmov, cx8, fxsr, mmx, sse, sse2, sse3, ssse3, sse4.1, sse4.2, popcnt, avx, ht, tsc, tscinvbit

Memory: 4k page, physical 8371500k(5133968k free), swap 9682220k(4634656k free)

vm_info: Java HotSpot(TM) 64-Bit Server VM (23.3-b01) for windows-amd64 JRE (1.7.0_07-b11), built on Sep  7 2012 01:19:25 by "java_re" with unknown MS VC++:1600

time: Thu Sep 25 22:44:27 2014
elapsed time: 8 seconds

