#
# A fatal error has been detected by the Java Runtime Environment:
#
#  EXCEPTION_ACCESS_VIOLATION (0xc0000005) at pc=0x000000000b0c8ed1, pid=2080, tid=6016
#
# JRE version: 7.0_17-b02
# Java VM: Java HotSpot(TM) 64-Bit Server VM (23.7-b01 mixed mode windows-amd64 compressed oops)
# Problematic frame:
# C  [ig7icd64.dll+0x478ed1]  DllMain+0x52461
#
# Failed to write core dump. Minidumps are not enabled by default on client versions of Windows
#
# If you would like to submit a bug report, please visit:
#   http://bugreport.sun.com/bugreport/crash.jsp
#

---------------  T H R E A D  ---------------

Current thread (0x0000000008301800):  VMThread [stack: 0x0000000009460000,0x0000000009560000] [id=6016]

siginfo: ExceptionCode=0xc0000005, writing address 0x000000000061340c

Registers:
RAX=0x000000000bfbceb0, RBX=0x00000000005f5df0, RCX=0x0000000000612e10, RDX=0x0000000000000001
RSP=0x000000000955f110, RBP=0x0000000001f2fc00, RSI=0x0000000000000001, RDI=0x000000000ac50000
R8 =0x0000000000619770, R9 =0x0000000000000000, R10=0x0000000000002010, R11=0x000000000955efb0
R12=0x0000000000000000, R13=0x0000000001d81628, R14=0x000000000ac50000, R15=0x000000000b086910
RIP=0x000000000b0c8ed1, EFLAGS=0x0000000000010202

Top of Stack: (sp=0x000000000955f110)
0x000000000955f110:   00000000005f5df0 0000000000000001
0x000000000955f120:   0000000000000001 0000000001f2fc00
0x000000000955f130:   00000000005f5df0 000000000b0846cf
0x000000000955f140:   0000000000001780 0000000000000001
0x000000000955f150:   0000000000000001 000000000ac50000
0x000000000955f160:   0000000000000000 000000000b076b05
0x000000000955f170:   000000000955f1e0 0000000000001780
0x000000000955f180:   0000000000000001 00007ffa232f3167
0x000000000955f190:   0000000000000000 000000000b0869da
0x000000000955f1a0:   0000000001d81628 0000000000000000
0x000000000955f1b0:   00000000ffffffff 0000000000000040
0x000000000955f1c0:   0000000000000001 00000000c0000005
0x000000000955f1d0:   00000000c0000005 000000000955e2c0
0x000000000955f1e0:   000000000955e2c0 00007ff74185d000
0x000000000955f1f0:   000000000b086910 000000000ac50000
0x000000000955f200:   0000000000000001 00007ffa232f31dd 

Instructions: (pc=0x000000000b0c8ed1)
0x000000000b0c8eb1:   0e ff 15 40 15 03 00 48 c7 43 10 00 00 00 00 48
0x000000000b0c8ec1:   8b cb e8 78 2f c3 ff 48 8b 4b 08 48 85 c9 74 15
0x000000000b0c8ed1:   ff 89 fc 05 00 00 75 05 e8 e2 1b fb ff 48 c7 43
0x000000000b0c8ee1:   08 00 00 00 00 b8 01 00 00 00 48 83 c4 20 5b c3 


Register to memory mapping:

RAX=0x000000000bfbceb0 is an unknown value
RBX=0x00000000005f5df0 is an unknown value
RCX=0x0000000000612e10 is an unknown value
RDX=0x0000000000000001 is an unknown value
RSP=0x000000000955f110 is an unknown value
RBP=0x0000000001f2fc00 is an unknown value
RSI=0x0000000000000001 is an unknown value
RDI=0x000000000ac50000 is pointing into the stack for thread: 0x0000000009f69000
R8 =0x0000000000619770 is an unknown value
R9 =0x0000000000000000 is an unknown value
R10=0x0000000000002010 is an unknown value
R11=0x000000000955efb0 is an unknown value
R12=0x0000000000000000 is an unknown value
R13=0x0000000001d81628 is an unknown value
R14=0x000000000ac50000 is pointing into the stack for thread: 0x0000000009f69000
R15=0x000000000b086910 is an unknown value


Stack: [0x0000000009460000,0x0000000009560000],  sp=0x000000000955f110,  free space=1020k
Native frames: (J=compiled Java code, j=interpreted, Vv=VM code, C=native code)
C  [ig7icd64.dll+0x478ed1]  DllMain+0x52461

VM_Operation (0x000000000ac4f220): Exit, mode: safepoint, requested by thread 0x0000000009f69000


---------------  P R O C E S S  ---------------

Java Threads: ( => current thread )
  0x000000000f42f000 JavaThread "LWJGL Timer" daemon [_thread_blocked, id=3920, stack(0x0000000012030000,0x0000000012130000)]
  0x000000000a035000 JavaThread "AsynchExecutor-Thread" daemon [_thread_blocked, id=6020, stack(0x0000000010400000,0x0000000010500000)]
  0x0000000001ef2800 JavaThread "DestroyJavaVM" [_thread_blocked, id=4664, stack(0x0000000001d90000,0x0000000001e90000)]
  0x0000000009f69000 JavaThread "LWJGL Application" [_thread_blocked, id=176, stack(0x000000000ab50000,0x000000000ac50000)]
  0x000000000838c800 JavaThread "Service Thread" daemon [_thread_blocked, id=5792, stack(0x0000000009b60000,0x0000000009c60000)]
  0x000000000837e800 JavaThread "C2 CompilerThread1" daemon [_thread_blocked, id=6084, stack(0x0000000009a60000,0x0000000009b60000)]
  0x0000000008379800 JavaThread "C2 CompilerThread0" daemon [_thread_blocked, id=3580, stack(0x0000000009960000,0x0000000009a60000)]
  0x0000000008376800 JavaThread "Attach Listener" daemon [_thread_blocked, id=5456, stack(0x0000000009860000,0x0000000009960000)]
  0x0000000008373000 JavaThread "Signal Dispatcher" daemon [_thread_blocked, id=3536, stack(0x0000000009760000,0x0000000009860000)]
  0x0000000008318000 JavaThread "Finalizer" daemon [_thread_blocked, id=3364, stack(0x0000000009660000,0x0000000009760000)]
  0x000000000830f800 JavaThread "Reference Handler" daemon [_thread_blocked, id=1372, stack(0x0000000009560000,0x0000000009660000)]

Other Threads:
=>0x0000000008301800 VMThread [stack: 0x0000000009460000,0x0000000009560000] [id=6016]

VM state:at safepoint (shutting down)

VM Mutex/Monitor currently owned by a thread:  ([mutex/lock_event])
[0x0000000001d8c460] Threads_lock - owner thread: 0x0000000008301800

Heap
 PSYoungGen      total 55936K, used 24586K [0x00000000eb400000, 0x00000000f1b20000, 0x0000000100000000)
  eden space 45248K, 30% used [0x00000000eb400000,0x00000000ec19ca58,0x00000000ee030000)
  from space 10688K, 99% used [0x00000000f10b0000,0x00000000f1b16018,0x00000000f1b20000)
  to   space 29120K, 0% used [0x00000000ee240000,0x00000000ee240000,0x00000000efeb0000)
 ParOldGen       total 108224K, used 55611K [0x00000000c1c00000, 0x00000000c85b0000, 0x00000000eb400000)
  object space 108224K, 51% used [0x00000000c1c00000,0x00000000c524ed90,0x00000000c85b0000)
 PSPermGen       total 21248K, used 9909K [0x00000000bca00000, 0x00000000bdec0000, 0x00000000c1c00000)
  object space 21248K, 46% used [0x00000000bca00000,0x00000000bd3ad748,0x00000000bdec0000)

Card table byte_map: [0x00000000050b0000,0x00000000052d0000] byte_map_base: 0x0000000004acb000

Polling page: 0x0000000001d60000

Code Cache  [0x0000000001ff0000, 0x0000000002260000, 0x0000000004ff0000)
 total_blobs=971 nmethods=477 adapters=445 free_code_cache=47538Kb largest_free_block=48639104

Compilation events (10 events):
Event: 5.509 Thread 0x0000000008379800  479             com.badlogic.gdx.graphics.g3d.particles.ParallelArray$FloatChannel::swap (64 bytes)
Event: 5.511 Thread 0x0000000008379800 nmethod 479 0x0000000002187c50 code [0x0000000002187d80, 0x0000000002187f18]
Event: 5.574 Thread 0x000000000837e800  480             com.gdx.DynamicEntities.DynamicEntity::getPosition (5 bytes)
Event: 5.575 Thread 0x000000000837e800 nmethod 480 0x00000000020c5590 code [0x00000000020c56c0, 0x00000000020c5718]
Event: 5.675 Thread 0x0000000008379800  481             java.util.HashMap$HashIterator::<init> (63 bytes)
Event: 5.679 Thread 0x0000000008379800 nmethod 481 0x00000000020c5190 code [0x00000000020c52c0, 0x00000000020c5498]
Event: 5.776 Thread 0x000000000837e800  482             com.badlogic.gdx.graphics.g3d.particles.ParallelArray::removeElement (51 bytes)
Event: 5.787 Thread 0x000000000837e800 nmethod 482 0x0000000002185ed0 code [0x0000000002186060, 0x0000000002186698]
Event: 6.010 Thread 0x0000000008379800  483             com.badlogic.gdx.graphics.g3d.particles.ParticleController::update (42 bytes)
Event: 6.019 Thread 0x0000000008379800 nmethod 483 0x00000000020af750 code [0x00000000020af8e0, 0x00000000020afd68]

GC Heap History (10 events):
Event: 1.533 GC heap before
{Heap before GC invocations=3 (full 0):
 PSYoungGen      total 18624K, used 18610K [0x00000000eb400000, 0x00000000ed860000, 0x0000000100000000)
  eden space 16000K, 100% used [0x00000000eb400000,0x00000000ec3a0000,0x00000000ec3a0000)
  from space 2624K, 99% used [0x00000000ec630000,0x00000000ec8bc9d8,0x00000000ec8c0000)
  to   space 2624K, 0% used [0x00000000ec3a0000,0x00000000ec3a0000,0x00000000ec630000)
 ParOldGen       total 42496K, used 9277K [0x00000000c1c00000, 0x00000000c4580000, 0x00000000eb400000)
  object space 42496K, 21% used [0x00000000c1c00000,0x00000000c250f550,0x00000000c4580000)
 PSPermGen       total 21248K, used 8709K [0x00000000bca00000, 0x00000000bdec0000, 0x00000000c1c00000)
  object space 21248K, 40% used [0x00000000bca00000,0x00000000bd281758,0x00000000bdec0000)
Event: 1.545 GC heap after
Heap after GC invocations=3 (full 0):
 PSYoungGen      total 18624K, used 2593K [0x00000000eb400000, 0x00000000ed860000, 0x0000000100000000)
  eden space 16000K, 0% used [0x00000000eb400000,0x00000000eb400000,0x00000000ec3a0000)
  from space 2624K, 98% used [0x00000000ec3a0000,0x00000000ec628758,0x00000000ec630000)
  to   space 2624K, 0% used [0x00000000ed5d0000,0x00000000ed5d0000,0x00000000ed860000)
 ParOldGen       total 42496K, used 16838K [0x00000000c1c00000, 0x00000000c4580000, 0x00000000eb400000)
  object space 42496K, 39% used [0x00000000c1c00000,0x00000000c2c71b38,0x00000000c4580000)
 PSPermGen       total 21248K, used 8709K [0x00000000bca00000, 0x00000000bdec0000, 0x00000000c1c00000)
  object space 21248K, 40% used [0x00000000bca00000,0x00000000bd281758,0x00000000bdec0000)
}
Event: 1.914 GC heap before
{Heap before GC invocations=4 (full 0):
 PSYoungGen      total 18624K, used 18593K [0x00000000eb400000, 0x00000000ed860000, 0x0000000100000000)
  eden space 16000K, 100% used [0x00000000eb400000,0x00000000ec3a0000,0x00000000ec3a0000)
  from space 2624K, 98% used [0x00000000ec3a0000,0x00000000ec628758,0x00000000ec630000)
  to   space 2624K, 0% used [0x00000000ed5d0000,0x00000000ed5d0000,0x00000000ed860000)
 ParOldGen       total 42496K, used 16838K [0x00000000c1c00000, 0x00000000c4580000, 0x00000000eb400000)
  object space 42496K, 39% used [0x00000000c1c00000,0x00000000c2c71b38,0x00000000c4580000)
 PSPermGen       total 21248K, used 8764K [0x00000000bca00000, 0x00000000bdec0000, 0x00000000c1c00000)
  object space 21248K, 41% used [0x00000000bca00000,0x00000000bd28f1b8,0x00000000bdec0000)
Event: 1.929 GC heap after
Heap after GC invocations=4 (full 0):
 PSYoungGen      total 34624K, used 2595K [0x00000000eb400000, 0x00000000ed860000, 0x0000000100000000)
  eden space 32000K, 0% used [0x00000000eb400000,0x00000000eb400000,0x00000000ed340000)
  from space 2624K, 98% used [0x00000000ed5d0000,0x00000000ed858fb8,0x00000000ed860000)
  to   space 2624K, 0% used [0x00000000ed340000,0x00000000ed340000,0x00000000ed5d0000)
 ParOldGen       total 42496K, used 26239K [0x00000000c1c00000, 0x00000000c4580000, 0x00000000eb400000)
  object space 42496K, 61% used [0x00000000c1c00000,0x00000000c359fc80,0x00000000c4580000)
 PSPermGen       total 21248K, used 8764K [0x00000000bca00000, 0x00000000bdec0000, 0x00000000c1c00000)
  object space 21248K, 41% used [0x00000000bca00000,0x00000000bd28f1b8,0x00000000bdec0000)
}
Event: 2.005 GC heap before
{Heap before GC invocations=5 (full 0):
 PSYoungGen      total 34624K, used 34425K [0x00000000eb400000, 0x00000000ed860000, 0x0000000100000000)
  eden space 32000K, 99% used [0x00000000eb400000,0x00000000ed315710,0x00000000ed340000)
  from space 2624K, 98% used [0x00000000ed5d0000,0x00000000ed858fb8,0x00000000ed860000)
  to   space 2624K, 0% used [0x00000000ed340000,0x00000000ed340000,0x00000000ed5d0000)
 ParOldGen       total 42496K, used 26239K [0x00000000c1c00000, 0x00000000c4580000, 0x00000000eb400000)
  object space 42496K, 61% used [0x00000000c1c00000,0x00000000c359fc80,0x00000000c4580000)
 PSPermGen       total 21248K, used 8764K [0x00000000bca00000, 0x00000000bdec0000, 0x00000000c1c00000)
  object space 21248K, 41% used [0x00000000bca00000,0x00000000bd28f1b8,0x00000000bdec0000)
Event: 2.041 GC heap after
Heap after GC invocations=5 (full 0):
 PSYoungGen      total 34624K, used 2595K [0x00000000eb400000, 0x00000000f2ee0000, 0x0000000100000000)
  eden space 32000K, 0% used [0x00000000eb400000,0x00000000eb400000,0x00000000ed340000)
  from space 2624K, 98% used [0x00000000ed340000,0x00000000ed5c8fb8,0x00000000ed5d0000)
  to   space 30912K, 0% used [0x00000000f10b0000,0x00000000f10b0000,0x00000000f2ee0000)
 ParOldGen       total 58240K, used 58096K [0x00000000c1c00000, 0x00000000c54e0000, 0x00000000eb400000)
  object space 58240K, 99% used [0x00000000c1c00000,0x00000000c54bc250,0x00000000c54e0000)
 PSPermGen       total 21248K, used 8764K [0x00000000bca00000, 0x00000000bdec0000, 0x00000000c1c00000)
  object space 21248K, 41% used [0x00000000bca00000,0x00000000bd28f1b8,0x00000000bdec0000)
}
Event: 2.041 GC heap before
{Heap before GC invocations=6 (full 1):
 PSYoungGen      total 34624K, used 2595K [0x00000000eb400000, 0x00000000f2ee0000, 0x0000000100000000)
  eden space 32000K, 0% used [0x00000000eb400000,0x00000000eb400000,0x00000000ed340000)
  from space 2624K, 98% used [0x00000000ed340000,0x00000000ed5c8fb8,0x00000000ed5d0000)
  to   space 30912K, 0% used [0x00000000f10b0000,0x00000000f10b0000,0x00000000f2ee0000)
 ParOldGen       total 58240K, used 58096K [0x00000000c1c00000, 0x00000000c54e0000, 0x00000000eb400000)
  object space 58240K, 99% used [0x00000000c1c00000,0x00000000c54bc250,0x00000000c54e0000)
 PSPermGen       total 21248K, used 8764K [0x00000000bca00000, 0x00000000bdec0000, 0x00000000c1c00000)
  object space 21248K, 41% used [0x00000000bca00000,0x00000000bd28f1b8,0x00000000bdec0000)
Event: 2.302 GC heap after
Heap after GC invocations=6 (full 1):
 PSYoungGen      total 34624K, used 0K [0x00000000eb400000, 0x00000000f2ee0000, 0x0000000100000000)
  eden space 32000K, 0% used [0x00000000eb400000,0x00000000eb400000,0x00000000ed340000)
  from space 2624K, 0% used [0x00000000ed340000,0x00000000ed340000,0x00000000ed5d0000)
  to   space 30912K, 0% used [0x00000000f10b0000,0x00000000f10b0000,0x00000000f2ee0000)
 ParOldGen       total 108224K, used 55611K [0x00000000c1c00000, 0x00000000c85b0000, 0x00000000eb400000)
  object space 108224K, 51% used [0x00000000c1c00000,0x00000000c524ed90,0x00000000c85b0000)
 PSPermGen       total 21248K, used 8761K [0x00000000bca00000, 0x00000000bdec0000, 0x00000000c1c00000)
  object space 21248K, 41% used [0x00000000bca00000,0x00000000bd28e778,0x00000000bdec0000)
}
Event: 4.571 GC heap before
{Heap before GC invocations=7 (full 1):
 PSYoungGen      total 34624K, used 32000K [0x00000000eb400000, 0x00000000f2ee0000, 0x0000000100000000)
  eden space 32000K, 100% used [0x00000000eb400000,0x00000000ed340000,0x00000000ed340000)
  from space 2624K, 0% used [0x00000000ed340000,0x00000000ed340000,0x00000000ed5d0000)
  to   space 30912K, 0% used [0x00000000f10b0000,0x00000000f10b0000,0x00000000f2ee0000)
 ParOldGen       total 108224K, used 55611K [0x00000000c1c00000, 0x00000000c85b0000, 0x00000000eb400000)
  object space 108224K, 51% used [0x00000000c1c00000,0x00000000c524ed90,0x00000000c85b0000)
 PSPermGen       total 21248K, used 9870K [0x00000000bca00000, 0x00000000bdec0000, 0x00000000c1c00000)
  object space 21248K, 46% used [0x00000000bca00000,0x00000000bd3a3ac0,0x00000000bdec0000)
Event: 4.585 GC heap after
Heap after GC invocations=7 (full 1):
 PSYoungGen      total 55936K, used 10648K [0x00000000eb400000, 0x00000000f1b20000, 0x0000000100000000)
  eden space 45248K, 0% used [0x00000000eb400000,0x00000000eb400000,0x00000000ee030000)
  from space 10688K, 99% used [0x00000000f10b0000,0x00000000f1b16018,0x00000000f1b20000)
  to   space 29120K, 0% used [0x00000000ee240000,0x00000000ee240000,0x00000000efeb0000)
 ParOldGen       total 108224K, used 55611K [0x00000000c1c00000, 0x00000000c85b0000, 0x00000000eb400000)
  object space 108224K, 51% used [0x00000000c1c00000,0x00000000c524ed90,0x00000000c85b0000)
 PSPermGen       total 21248K, used 9870K [0x00000000bca00000, 0x00000000bdec0000, 0x00000000c1c00000)
  object space 21248K, 46% used [0x00000000bca00000,0x00000000bd3a3ac0,0x00000000bdec0000)
}

Deoptimization events (10 events):
Event: 2.308 Thread 0x0000000009f69000 Uncommon trap -42 fr.pc 0x00000000020b16bc
Event: 2.308 Thread 0x0000000009f69000 Uncommon trap -42 fr.pc 0x00000000020b16bc
Event: 2.310 Thread 0x0000000009f69000 Uncommon trap -42 fr.pc 0x00000000020b16bc
Event: 2.310 Thread 0x0000000009f69000 Uncommon trap -42 fr.pc 0x00000000020b16bc
Event: 2.569 Thread 0x0000000009f69000 Uncommon trap -34 fr.pc 0x00000000020cc3b4
Event: 2.570 Thread 0x0000000009f69000 Uncommon trap -34 fr.pc 0x00000000020cc3b4
Event: 2.652 Thread 0x0000000009f69000 Uncommon trap -12 fr.pc 0x000000000210a920
Event: 2.734 Thread 0x0000000009f69000 Uncommon trap -34 fr.pc 0x00000000020cc3b4
Event: 2.735 Thread 0x0000000009f69000 Uncommon trap -34 fr.pc 0x00000000020cc3b4
Event: 6.160 Thread 0x0000000009f69000 Uncommon trap -58 fr.pc 0x00000000020c2d1c

Internal exceptions (10 events):
Event: 3.383 Thread 0x0000000009f69000 Threw 0x00000000ec4d2a90 at C:\jdk7u2_64p\jdk7u17\hotspot\src\share\vm\prims\jvm.cpp:1166
Event: 3.384 Thread 0x0000000009f69000 Threw 0x00000000ec4d7058 at C:\jdk7u2_64p\jdk7u17\hotspot\src\share\vm\prims\jvm.cpp:1166
Event: 3.385 Thread 0x0000000009f69000 Threw 0x00000000ec4db818 at C:\jdk7u2_64p\jdk7u17\hotspot\src\share\vm\prims\jvm.cpp:1166
Event: 3.391 Thread 0x0000000009f69000 Threw 0x00000000ec6524d8 at C:\jdk7u2_64p\jdk7u17\hotspot\src\share\vm\prims\jvm.cpp:1166
Event: 3.412 Thread 0x0000000009f69000 Threw 0x00000000ec678670 at C:\jdk7u2_64p\jdk7u17\hotspot\src\share\vm\prims\jvm.cpp:1166
Event: 3.467 Thread 0x0000000009f69000 Threw 0x00000000ec698440 at C:\jdk7u2_64p\jdk7u17\hotspot\src\share\vm\prims\jvm.cpp:1166
Event: 3.468 Thread 0x0000000009f69000 Threw 0x00000000ec69ccc8 at C:\jdk7u2_64p\jdk7u17\hotspot\src\share\vm\prims\jvm.cpp:1166
Event: 5.406 Thread 0x0000000009f69000 Threw 0x00000000ebf73b40 at C:\jdk7u2_64p\jdk7u17\hotspot\src\share\vm\prims\jvm.cpp:1166
Event: 6.100 Thread 0x0000000009f69000 Threw 0x00000000ec145c28 at C:\jdk7u2_64p\jdk7u17\hotspot\src\share\vm\prims\jvm.cpp:1166
Event: 6.137 Thread 0x0000000009f69000 Threw 0x00000000ec149a38 at C:\jdk7u2_64p\jdk7u17\hotspot\src\share\vm\prims\jvm.cpp:1166

Events (10 events):
Event: 6.137 loading class 0x000000000a014910 done
Event: 6.160 Thread 0x0000000009f69000 DEOPT PACKING pc=0x00000000020c2d1c sp=0x000000000ac4f220
Event: 6.160 Thread 0x0000000009f69000 DEOPT UNPACKING pc=0x0000000002029164 sp=0x000000000ac4f1d8 mode 2
Event: 6.189 loading class 0x000000000a014d50
Event: 6.189 loading class 0x000000000a014d50 done
Event: 6.189 loading class 0x000000000a0152d0
Event: 6.189 loading class 0x0000000009f68970
Event: 6.189 loading class 0x0000000009f68970 done
Event: 6.189 loading class 0x000000000a0152d0 done
Event: 6.189 Executing VM operation: Exit


Dynamic libraries:
0x00007ff742440000 - 0x00007ff742473000 	C:\Program Files\Java\jre7\bin\javaw.exe
0x00007ffa232d0000 - 0x00007ffa23476000 	C:\WINDOWS\SYSTEM32\ntdll.dll
0x00007ffa21090000 - 0x00007ffa211ca000 	C:\WINDOWS\system32\KERNEL32.DLL
0x00007ffa209a0000 - 0x00007ffa20aaf000 	C:\WINDOWS\system32\KERNELBASE.dll
0x00007ffa1f070000 - 0x00007ffa1f0f8000 	C:\WINDOWS\system32\apphelp.dll
0x00007ffa1c6a0000 - 0x00007ffa1c6ef000 	C:\WINDOWS\AppPatch\AppPatch64\AcGenral.DLL
0x00007ffa23090000 - 0x00007ffa23137000 	C:\WINDOWS\system32\msvcrt.dll
0x00007ffa20490000 - 0x00007ffa204bb000 	C:\WINDOWS\SYSTEM32\SspiCli.dll
0x00007ffa23030000 - 0x00007ffa23081000 	C:\WINDOWS\system32\SHLWAPI.dll
0x00007ffa20f10000 - 0x00007ffa21081000 	C:\WINDOWS\system32\USER32.dll
0x00007ffa21690000 - 0x00007ffa21808000 	C:\WINDOWS\system32\ole32.dll
0x00007ffa21870000 - 0x00007ffa22c7f000 	C:\WINDOWS\system32\SHELL32.dll
0x00007ffa1fcc0000 - 0x00007ffa1fcde000 	C:\WINDOWS\SYSTEM32\USERENV.dll
0x00007ffa215e0000 - 0x00007ffa21685000 	C:\WINDOWS\system32\ADVAPI32.dll
0x00007ffa18fe0000 - 0x00007ffa18ffb000 	C:\WINDOWS\SYSTEM32\MPR.dll
0x00007ffa22c80000 - 0x00007ffa22db7000 	C:\WINDOWS\system32\RPCRT4.dll
0x00007ffa21570000 - 0x00007ffa215c7000 	C:\WINDOWS\SYSTEM32\sechost.dll
0x00007ffa22e50000 - 0x00007ffa23026000 	C:\WINDOWS\SYSTEM32\combase.dll
0x00007ffa21380000 - 0x00007ffa214c4000 	C:\WINDOWS\system32\GDI32.dll
0x00007ffa20650000 - 0x00007ffa20664000 	C:\WINDOWS\SYSTEM32\profapi.dll
0x00007ffa1e3f0000 - 0x00007ffa1e48f000 	C:\WINDOWS\SYSTEM32\SHCORE.dll
0x00007ffa23290000 - 0x00007ffa232c4000 	C:\WINDOWS\system32\IMM32.DLL
0x00007ffa23150000 - 0x00007ffa23289000 	C:\WINDOWS\system32\MSCTF.dll
0x00007ffa1cfe0000 - 0x00007ffa1d23a000 	C:\WINDOWS\WinSxS\amd64_microsoft.windows.common-controls_6595b64144ccf1df_6.0.9600.17031_none_6242a4b3ecbb55a1\COMCTL32.dll
0x0000000071c30000 - 0x0000000071d01000 	C:\Program Files\Java\jre7\bin\msvcr100.dll
0x0000000071510000 - 0x0000000071c2f000 	C:\Program Files\Java\jre7\bin\server\jvm.dll
0x00007ffa1b280000 - 0x00007ffa1b289000 	C:\WINDOWS\SYSTEM32\WSOCK32.dll
0x00007ffa1c880000 - 0x00007ffa1c89f000 	C:\WINDOWS\SYSTEM32\WINMM.dll
0x00007ffa215d0000 - 0x00007ffa215d7000 	C:\WINDOWS\system32\PSAPI.DLL
0x00007ffa21810000 - 0x00007ffa21868000 	C:\WINDOWS\system32\WS2_32.dll
0x00007ffa1c790000 - 0x00007ffa1c7ba000 	C:\WINDOWS\SYSTEM32\WINMMBASE.dll
0x00007ffa23140000 - 0x00007ffa23149000 	C:\WINDOWS\system32\NSI.dll
0x00007ffa20720000 - 0x00007ffa2076a000 	C:\WINDOWS\SYSTEM32\cfgmgr32.dll
0x00007ffa1f4d0000 - 0x00007ffa1f4f6000 	C:\WINDOWS\SYSTEM32\DEVOBJ.dll
0x0000000071f40000 - 0x0000000071f4f000 	C:\Program Files\Java\jre7\bin\verify.dll
0x0000000071f10000 - 0x0000000071f38000 	C:\Program Files\Java\jre7\bin\java.dll
0x0000000071ef0000 - 0x0000000071f05000 	C:\Program Files\Java\jre7\bin\zip.dll
0x0000000065580000 - 0x000000006561b000 	C:\Users\J\AppData\Local\Temp\libgdxJ\3fcab39a\gdx64.dll
0x00007ffa1ff70000 - 0x00007ffa1ff8e000 	C:\WINDOWS\SYSTEM32\CRYPTSP.dll
0x00007ffa1fbb0000 - 0x00007ffa1fbe5000 	C:\WINDOWS\system32\rsaenh.dll
0x00007ffa201a0000 - 0x00007ffa201c6000 	C:\WINDOWS\SYSTEM32\bcrypt.dll
0x00007ffa204c0000 - 0x00007ffa20520000 	C:\WINDOWS\system32\bcryptprimitives.dll
0x00007ffa20520000 - 0x00007ffa2052a000 	C:\WINDOWS\SYSTEM32\CRYPTBASE.dll
0x0000000071ed0000 - 0x0000000071ee9000 	C:\Program Files\Java\jre7\bin\net.dll
0x00007ffa1ff10000 - 0x00007ffa1ff68000 	C:\WINDOWS\system32\mswsock.dll
0x00007ffa13680000 - 0x00007ffa13694000 	C:\WINDOWS\system32\napinsp.dll
0x00007ffa136a0000 - 0x00007ffa136b9000 	C:\WINDOWS\system32\pnrpnsp.dll
0x00007ffa1f050000 - 0x00007ffa1f069000 	C:\WINDOWS\system32\NLAapi.dll
0x00007ffa1fd20000 - 0x00007ffa1fdc3000 	C:\WINDOWS\SYSTEM32\DNSAPI.dll
0x00007ffa136c0000 - 0x00007ffa136cc000 	C:\WINDOWS\System32\winrnr.dll
0x00007ffa17cb0000 - 0x00007ffa17cb9000 	C:\Windows\System32\rasadhlp.dll
0x00007ffa1ac00000 - 0x00007ffa1ac29000 	C:\WINDOWS\SYSTEM32\IPHLPAPI.DLL
0x00007ffa1abe0000 - 0x00007ffa1abea000 	C:\WINDOWS\SYSTEM32\WINNSI.DLL
0x00007ffa1a4e0000 - 0x00007ffa1a548000 	C:\WINDOWS\System32\fwpuclnt.dll
0x0000000071eb0000 - 0x0000000071ec1000 	C:\Program Files\Java\jre7\bin\nio.dll
0x0000000180000000 - 0x0000000180051000 	C:\Users\J\AppData\Local\Temp\libgdxJ\ccd07a7a\lwjgl64.dll
0x00007ffa0de70000 - 0x00007ffa0df91000 	C:\WINDOWS\SYSTEM32\OPENGL32.dll
0x00007ffa18780000 - 0x00007ffa1878a000 	C:\WINDOWS\SYSTEM32\VERSION.dll
0x00007ffa14500000 - 0x00007ffa1452c000 	C:\WINDOWS\SYSTEM32\GLU32.dll
0x00007ffa12750000 - 0x00007ffa12844000 	C:\WINDOWS\SYSTEM32\DDRAW.dll
0x00007ffa16f30000 - 0x00007ffa16f39000 	C:\WINDOWS\SYSTEM32\DCIMAN32.dll
0x000000000a460000 - 0x000000000a4c4000 	C:\Users\J\AppData\Local\Temp\libgdxJ\ccd07a7a\OpenAL64.dll
0x00007ffa1f520000 - 0x00007ffa1f52a000 	C:\WINDOWS\SYSTEM32\kernel.appcore.dll
0x00007ffa1f350000 - 0x00007ffa1f471000 	C:\WINDOWS\system32\uxtheme.dll
0x00007ffa1b1e0000 - 0x00007ffa1b278000 	C:\Program Files\Common Files\microsoft shared\ink\tiptsf.dll
0x00007ffa20da0000 - 0x00007ffa20e57000 	C:\WINDOWS\system32\OLEAUT32.dll
0x00007ffa20e60000 - 0x00007ffa20f04000 	C:\WINDOWS\SYSTEM32\clbcatq.dll
0x00007ffa128d0000 - 0x00007ffa12957000 	C:\WINDOWS\SYSTEM32\dsound.dll
0x00007ffa205f0000 - 0x00007ffa20635000 	C:\WINDOWS\SYSTEM32\POWRPROF.dll
0x00007ffa1ca40000 - 0x00007ffa1caa2000 	C:\WINDOWS\System32\MMDevApi.dll
0x00007ffa12850000 - 0x00007ffa128c6000 	C:\WINDOWS\SYSTEM32\AUDIOSES.DLL
0x00007ffa1e010000 - 0x00007ffa1e030000 	C:\WINDOWS\system32\dwmapi.dll
0x000000000ac50000 - 0x000000000b3db000 	C:\WINDOWS\SYSTEM32\ig7icd64.dll
0x00007ffa1cba0000 - 0x00007ffa1cfe0000 	C:\WINDOWS\SYSTEM32\igdusc64.dll
0x00007ffa1c250000 - 0x00007ffa1c2b3000 	C:\WINDOWS\SYSTEM32\oleacc.dll
0x00007ffa16f50000 - 0x00007ffa16fdd000 	C:\WINDOWS\SYSTEM32\mscms.dll
0x00007ffa179d0000 - 0x00007ffa17a11000 	C:\WINDOWS\SYSTEM32\icm32.dll
0x00007ffa09e30000 - 0x00007ffa09fb8000 	C:\WINDOWS\SYSTEM32\dbghelp.dll

VM Arguments:
jvm_args: -Dfile.encoding=Cp1252 
java_command: com.gdx.engine.desktop.DesktopLauncher
Launcher Type: SUN_STANDARD

Environment Variables:
PATH=
[error occurred during error reporting (printing environment variables), id 0xc0000005]



---------------  S Y S T E M  ---------------

OS: Windows 8 , 64 bit Build 9200 

CPU:total 4 (2 cores per cpu, 2 threads per core) family 6 model 58 stepping 9, cmov, cx8, fxsr, mmx, sse, sse2, sse3, ssse3, sse4.1, sse4.2, popcnt, avx, ht, tsc, tscinvbit, tscinv

Memory: 4k page, physical 4077260k(980448k free), swap 5650936k(1627704k free)

vm_info: Java HotSpot(TM) 64-Bit Server VM (23.7-b01) for windows-amd64 JRE (1.7.0_17-b02), built on Mar  1 2013 03:38:30 by "java_re" with unknown MS VC++:1600

time: Wed Nov 12 10:01:03 2014
elapsed time: 7 seconds

